milc
hw05_sim1_is2_bpred_nottaken.out
sim_total_insn              2500000 # total number of instructions executed
sim_IPC                      0.3929 # instructions per cycle

hw05_sim2_is2_bpred_bimod.out
sim_total_insn              2500000 # total number of instructions executed
sim_IPC                      0.4549 # instructions per cycle

hw05_sim3_is2_bpred_bimod_noras.out
sim_total_insn              2500000 # total number of instructions executed
sim_IPC                      0.4548 # instructions per cycle

hw05_sim4_is2_bpred_perfect.out
sim_total_insn              2500000 # total number of instructions executed
sim_IPC                      0.4558 # instructions per cycle

hw05_sim5_os4_bpred_nottaken.out
sim_total_insn              4712412 # total number of instructions executed
sim_IPC                      0.8248 # instructions per cycle

hw05_sim6_os4_bpred_bimod.out
sim_total_insn              2544683 # total number of instructions executed
sim_IPC                      1.3247 # instructions per cycle

hw05_sim7_os4_bpred_bimod_noras.out
sim_total_insn              2545423 # total number of instructions executed
sim_IPC                      1.3242 # instructions per cycle

hw05_sim8_os4_bpred_perfect.out
sim_total_insn              2500000 # total number of instructions executed
sim_IPC                      1.2811 # instructions per cycle

