mcf
hw05_sim1_is2_bpred_nottaken.out
sim_total_insn              2500000 # total number of instructions executed
sim_IPC                      0.3358 # instructions per cycle

hw05_sim2_is2_bpred_bimod.out
sim_total_insn              2500000 # total number of instructions executed
sim_IPC                      0.3977 # instructions per cycle

hw05_sim3_is2_bpred_bimod_noras.out
sim_total_insn              2500000 # total number of instructions executed
sim_IPC                      0.3977 # instructions per cycle

hw05_sim4_is2_bpred_perfect.out
sim_total_insn              2500000 # total number of instructions executed
sim_IPC                      0.4019 # instructions per cycle

hw05_sim5_os4_bpred_nottaken.out
sim_total_insn              4593814 # total number of instructions executed
sim_IPC                      0.5713 # instructions per cycle

hw05_sim6_os4_bpred_bimod.out
sim_total_insn              2655773 # total number of instructions executed
sim_IPC                      0.8729 # instructions per cycle

hw05_sim7_os4_bpred_bimod_noras.out
sim_total_insn              2668334 # total number of instructions executed
sim_IPC                      0.8691 # instructions per cycle

hw05_sim8_os4_bpred_perfect.out
sim_total_insn              2500000 # total number of instructions executed
sim_IPC                      0.8004 # instructions per cycle

