equake
hw05_sim1_is2_bpred_nottaken.out
sim_total_insn              2500000 # total number of instructions executed
sim_IPC                      0.2856 # instructions per cycle

hw05_sim2_is2_bpred_bimod.out
sim_total_insn              2500000 # total number of instructions executed
sim_IPC                      0.3352 # instructions per cycle

hw05_sim3_is2_bpred_bimod_noras.out
sim_total_insn              2500000 # total number of instructions executed
sim_IPC                      0.3325 # instructions per cycle

hw05_sim4_is2_bpred_perfect.out
sim_total_insn              2500000 # total number of instructions executed
sim_IPC                      0.3401 # instructions per cycle

hw05_sim5_os4_bpred_nottaken.out
sim_total_insn              4178292 # total number of instructions executed
sim_IPC                      0.4764 # instructions per cycle

hw05_sim6_os4_bpred_bimod.out
sim_total_insn              2692717 # total number of instructions executed
sim_IPC                      0.6189 # instructions per cycle

hw05_sim7_os4_bpred_bimod_noras.out
sim_total_insn              2769177 # total number of instructions executed
sim_IPC                      0.6093 # instructions per cycle

hw05_sim8_os4_bpred_perfect.out
sim_total_insn              2500002 # total number of instructions executed
sim_IPC                      0.6118 # instructions per cycle

